[  490480ms] [ERROR] Failed to load resource: the server responded with a status of 401 () @ https://portfolio-jmqabuqh3-uuey7-s-projects.vercel.app/:0
[  493446ms] [ERROR] Loading the font 'https://k2mkucxia43oc7fa.public.blob.vercel-storage.com/front/fonts/space-mono/space-mono-v11-latin-regular.woff2' violates the following Content Security Policy directive: "font-src 'self' *.vercel.com *.gstatic.com vercel.live". The action has been blocked. @ https://vercel.com/login?next=%2Fsso-api%3Furl%3Dhttps%253A%252F%252Fportfolio-jmqabuqh3-uuey7-s-projects.vercel.app%252F%26nonce%3Da19bc819a10cf83187f9922aa78ab2702c6707a2db7702ec1eaae8fdf7313085:76
[  494159ms] [LOG] %c
▲

    ____                               _ __
   / __ \________  ____ _____ ___     (_) /_
  / / / / ___/ _ \/ __ `/ __ `__ \   / / __/
 / /_/ / /  /  __/ /_/ / / / / / /  / / /__
/_____/_/   \___/\__,_/_/ /_/ /_/  /_/\__( )
   _____ __    _          _ __           |/
  / ___// /_  (_)___     (_) /_
  \__ \/ __ \/ / __ \   / / __/
 ___/ / / / / / /_/ /  / / /_
/____/_/ /_/_/ .___/  /_/\__/
            /_/
  

Hello!

- Open Source https://vercel.com/oss
- Careers https://vercel.com/careers
- Status https://vercel-status.com

 font-family: "Geist Mono", monospace; white-space: pre; line-height: 1; @ https://vercel.com/_next/static/chunks/2g0axoh_w9yfh.js?dpl=dpl_Cdhk6HZ6CVCt31QFixvg8BQUXkyy:78
[  494544ms] [ERROR] Failed to load resource: net::ERR_CERT_DATE_INVALID @ https://cdn1.vercel.com/vercel.svg:0
[  494571ms] [WARNING] [GSI_LOGGER]: Your client application uses one of the Google One Tap prompt UI status methods that may stop functioning when FedCM becomes mandatory. Refer to the migration guide to update your code accordingly and opt-in to FedCM to test your changes. Learn more: https://developers.google.com/identity/gsi/web/guides/fedcm-migration?s=dc#display_moment and https://developers.google.com/identity/gsi/web/guides/fedcm-migration?s=dc#skipped_moment @ https://accounts.google.com/gsi/client:84
[  494573ms] [ERROR] Not signed in with the identity provider. @ https://vercel.com/login?next=%2Fsso-api%3Furl%3Dhttps%253A%252F%252Fportfolio-jmqabuqh3-uuey7-s-projects.vercel.app%252F%26nonce%3Da19bc819a10cf83187f9922aa78ab2702c6707a2db7702ec1eaae8fdf7313085:0
[  494745ms] [WARNING] Deprecated API for given entry type. @ https://vercel.com/_next/static/chunks/1a7e-ig7xwiza.js?dpl=dpl_Cdhk6HZ6CVCt31QFixvg8BQUXkyy:18
[  495717ms] [ERROR] Failed to load resource: the server responded with a status of 403 () @ https://vercel.com/api/jwt:0
[  499932ms] [WARNING] The resource https://vercel.com/_next/static/chunks/3s9xoq984y15y.css?dpl=dpl_Cdhk6HZ6CVCt31QFixvg8BQUXkyy was preloaded using link preload but not used within a few seconds from the window's load event. Please make sure it has an appropriate `as` value and it is preloaded intentionally. @ https://vercel.com/login?next=%2Fsso-api%3Furl%3Dhttps%253A%252F%252Fportfolio-jmqabuqh3-uuey7-s-projects.vercel.app%252F%26nonce%3Da19bc819a10cf83187f9922aa78ab2702c6707a2db7702ec1eaae8fdf7313085:0
[  503623ms] [ERROR] [GSI_LOGGER]: FedCM get() rejects with NetworkError: Error retrieving a token. @ https://vercel.com/_next/static/chunks/111cj8kpy4hm2.js?dpl=dpl_Cdhk6HZ6CVCt31QFixvg8BQUXkyy:1
[  503782ms] [ERROR] Failed to load resource: the server responded with a status of 429 () @ https://o205439.ingest.sentry.io/api/1323670/envelope/?sentry_key=d00780d432ac4ccf882f60dd02062e14&sentry_version=7&sentry_client=sentry.javascript.browser%2F7.111.0:0
[  508105ms] [WARNING] The resource https://vercel.com/_next/static/chunks/3s9xoq984y15y.css?dpl=dpl_Cdhk6HZ6CVCt31QFixvg8BQUXkyy was preloaded using link preload but not used within a few seconds from the window's load event. Please make sure it has an appropriate `as` value and it is preloaded intentionally. @ https://vercel.com/login?next=%2Fsso-api%3Furl%3Dhttps%253A%252F%252Fportfolio-jmqabuqh3-uuey7-s-projects.vercel.app%252F%26nonce%3Da19bc819a10cf83187f9922aa78ab2702c6707a2db7702ec1eaae8fdf7313085:0
